<?xml version="1.0" encoding="UTF-8"?>
<testsuite xmlns:xsi="http://www.w3.org/2001/XMLSchema-instance" xsi:noNamespaceSchemaLocation="https://maven.apache.org/surefire/maven-surefire-plugin/xsd/surefire-test-report.xsd" name="vn.edu.rmit.PhysicalProductTest" time="0" tests="7" errors="0" skipped="0" failures="0">
  <properties>
[...]
</properties>
  <testcase name="equalSamePhysicalProduct" classname="vn.edu.rmit.PhysicalProductTest" time="0"/>
  <testcase name="equalWeight" classname="vn.edu.rmit.PhysicalProductTest" time="0"/>
  <testcase name="equalSamePhysicalProductObject" classname="vn.edu.rmit.PhysicalProductTest" time="0"/>
  <testcase name="equalName" classname="vn.edu.rmit.PhysicalProductTest" time="0"/>
  <testcase name="differentPhysicalProductName" classname="vn.edu.rmit.PhysicalProductTest" time="0"/>
  <testcase name="physicalProductCompareWithWrongType" classname="vn.edu.rmit.PhysicalProductTest" time="0"/>
  <testcase name="toStringPhysicalProductOutput" classname="vn.edu.rmit.PhysicalProductTest" time="0"/>
</testsuite>